Streaming list of 10 accounts...
Traceback (most recent call last):
  File "/app/mss/lib/python3.7/site-packages/sqlalchemy/engine/base.py", line 1244, in _execute_context
    cursor, statement, parameters, context
  File "/app/mss/lib/python3.7/site-packages/sqlalchemy/engine/default.py", line 552, in do_execute
    cursor.execute(statement, parameters)
psycopg2.errors.UniqueViolation: duplicate key value violates unique constraint "accounts_pkey"
DETAIL:  Key (aid)=(cc568f2c-6d78-11e9-adbf-0a623f5015ae) already exists.


The above exception was the direct cause of the following exception:

Traceback (most recent call last):
  File "consumer-dataStore.py", line 55, in <module>
    eventSession.commit()
  File "/app/mss/lib/python3.7/site-packages/sqlalchemy/orm/session.py", line 1026, in commit
    self.transaction.commit()
  File "/app/mss/lib/python3.7/site-packages/sqlalchemy/orm/session.py", line 493, in commit
    self._prepare_impl()
  File "/app/mss/lib/python3.7/site-packages/sqlalchemy/orm/session.py", line 472, in _prepare_impl
    self.session.flush()
  File "/app/mss/lib/python3.7/site-packages/sqlalchemy/orm/session.py", line 2451, in flush
    self._flush(objects)
  File "/app/mss/lib/python3.7/site-packages/sqlalchemy/orm/session.py", line 2589, in _flush
    transaction.rollback(_capture_exception=True)
  File "/app/mss/lib/python3.7/site-packages/sqlalchemy/util/langhelpers.py", line 68, in __exit__
    compat.reraise(exc_type, exc_value, exc_tb)
  File "/app/mss/lib/python3.7/site-packages/sqlalchemy/util/compat.py", line 129, in reraise
    raise value
  File "/app/mss/lib/python3.7/site-packages/sqlalchemy/orm/session.py", line 2549, in _flush
    flush_context.execute()
  File "/app/mss/lib/python3.7/site-packages/sqlalchemy/orm/unitofwork.py", line 422, in execute
    rec.execute(self)
  File "/app/mss/lib/python3.7/site-packages/sqlalchemy/orm/unitofwork.py", line 589, in execute
    uow,
  File "/app/mss/lib/python3.7/site-packages/sqlalchemy/orm/persistence.py", line 245, in save_obj
    insert,
  File "/app/mss/lib/python3.7/site-packages/sqlalchemy/orm/persistence.py", line 1120, in _emit_insert_statements
    statement, params
  File "/app/mss/lib/python3.7/site-packages/sqlalchemy/engine/base.py", line 988, in execute
    return meth(self, multiparams, params)
  File "/app/mss/lib/python3.7/site-packages/sqlalchemy/sql/elements.py", line 287, in _execute_on_connection
    return connection._execute_clauseelement(self, multiparams, params)
  File "/app/mss/lib/python3.7/site-packages/sqlalchemy/engine/base.py", line 1107, in _execute_clauseelement
    distilled_params,
  File "/app/mss/lib/python3.7/site-packages/sqlalchemy/engine/base.py", line 1248, in _execute_context
    e, statement, parameters, cursor, context
  File "/app/mss/lib/python3.7/site-packages/sqlalchemy/engine/base.py", line 1466, in _handle_dbapi_exception
    util.raise_from_cause(sqlalchemy_exception, exc_info)
  File "/app/mss/lib/python3.7/site-packages/sqlalchemy/util/compat.py", line 383, in raise_from_cause
    reraise(type(exception), exception, tb=exc_tb, cause=cause)
  File "/app/mss/lib/python3.7/site-packages/sqlalchemy/util/compat.py", line 128, in reraise
    raise value.with_traceback(tb)
  File "/app/mss/lib/python3.7/site-packages/sqlalchemy/engine/base.py", line 1244, in _execute_context
    cursor, statement, parameters, context
  File "/app/mss/lib/python3.7/site-packages/sqlalchemy/engine/default.py", line 552, in do_execute
    cursor.execute(statement, parameters)
sqlalchemy.exc.IntegrityError: (psycopg2.errors.UniqueViolation) duplicate key value violates unique constraint "accounts_pkey"
DETAIL:  Key (aid)=(cc568f2c-6d78-11e9-adbf-0a623f5015ae) already exists.

[SQL: INSERT INTO accounts (active, account_name, aid, instancecode, lms_custid, account_flag, deploy_mode, eae_integration, channel_partner, onboard_type, start_date) VALUES (%(active)s, %(account_name)s, %(aid)s, %(instancecode)s, %(lms_custid)s, %(account_flag)s, %(deploy_mode)s, %(eae_integration)s, %(channel_partner)s, %(onboard_type)s, %(start_date)s)]
[parameters: {'active': True, 'account_name': 'Hardware Building', 'aid': UUID('cc568f2c-6d78-11e9-adbf-0a623f5015ae'), 'instancecode': 'US Farm', 'lms_custid': 25640, 'account_flag': True, 'deploy_mode': 'IM', 'eae_integration': True, 'channel_partner': True, 'onboard_type': 'custom', 'start_date': '2017-05-27'}]
(Background on this error at: http://sqlalche.me/e/gkpj)
Streaming list of 100 accounts...
Streaming list of 1000 accounts...
Streaming list of 1000 accounts...
Streaming list of 1000 accounts...
Streaming list of 1000 accounts...
Streaming list of 1000 accounts...
Streaming list of 1000 accounts...
Streaming list of 1000 accounts...
Streaming list of 1000 accounts...
Streaming list of 1000 accounts...
Streaming list of 1000 accounts...
Streaming list of 1000 accounts...
Streaming list of 1000 accounts...
Streaming list of 1000 accounts...
Streaming list of 1000 accounts...
Streaming list of 1000 accounts...
Streaming list of 1000 accounts...
Streaming list of 1000 accounts...
Streaming list of 1000 accounts...
Streaming list of 1000 accounts...
Streaming list of 1000 accounts...
Streaming list of 1000 accounts...
Streaming list of 1000 accounts...
Streaming list of 1000 accounts...
Streaming list of 1000 accounts...
Streaming list of 1000 accounts...
Streaming list of 1000 accounts...
Streaming list of 1000 accounts...
Streaming list of 1000 accounts...
Streaming list of 1000 accounts...
Streaming list of 1000 accounts...
Streaming list of 1000 accounts...
Streaming list of 1000 accounts...
Streaming list of 1000 accounts...
Streaming list of 1000 accounts...
Streaming list of 1000 accounts...
Streaming list of 1000 accounts...
Streaming list of 1000 accounts...
Streaming list of 1000 accounts...
Streaming list of 1000 accounts...
Streaming list of 1000 accounts...
Streaming list of 1000 accounts...
Streaming list of 1000 accounts...
Streaming list of 1000 accounts...
Streaming list of 1000 accounts...
Streaming list of 1000 accounts...
Streaming list of 1000 accounts...
Streaming list of 1000 accounts...
Streaming list of 1000 accounts...
Streaming list of 1000 accounts...
Streaming list of 1000 accounts...
Streaming list of 1000 accounts...
Streaming list of 1000 accounts...
Streaming list of 1000 accounts...
Streaming list of 1000 accounts...
Streaming list of 1000 accounts...
Streaming list of 1000 accounts...
Streaming list of 1000 accounts...
Streaming list of 1000 accounts...
Streaming list of 1000 accounts...
Streaming list of 1000 accounts...
Streaming list of 1000 accounts...
Streaming list of 1000 accounts...
Streaming list of 1000 accounts...
Streaming list of 1000 accounts...
Streaming list of 1000 accounts...
Streaming list of 1000 accounts...
Streaming list of 1000 accounts...
Streaming list of 1000 accounts...
Streaming list of 1000 accounts...
Streaming list of 1000 accounts...
Streaming list of 1000 accounts...
Streaming list of 1000 accounts...
Streaming list of 1000 accounts...
Streaming list of 1000 accounts...
Streaming list of 1000 accounts...
Streaming list of 1000 accounts...
Streaming list of 1000 accounts...
Streaming list of 1000 accounts...
Streaming list of 1000 accounts...
Streaming list of 1000 accounts...
Streaming list of 1000 accounts...
Streaming list of 1000 accounts...
Streaming list of 1000 accounts...
Streaming list of 1000 accounts...
Streaming list of 1000 accounts...
Streaming list of 1000 accounts...
Streaming list of 1000 accounts...
Streaming list of 1000 accounts...
Streaming list of 1000 accounts...
Streaming list of 1000 accounts...
Streaming list of 1000 accounts...
Streaming list of 1000 accounts...
Streaming list of 1000 accounts...
Streaming list of 1000 accounts...
Streaming list of 1000 accounts...
Streaming list of 1000 accounts...
Streaming list of 1000 accounts...
Streaming list of 1000 accounts...
Streaming list of 1000 accounts...
Streaming list of 1000 accounts...
Streaming list of 1000 accounts...
Streaming list of 1000 accounts...
Streaming list of 1000 accounts...
Streaming list of 1000 accounts...
Streaming list of 1000 accounts...
Streaming list of 1000 accounts...
Streaming list of 1000 accounts...
Streaming list of 1000 accounts...
Streaming list of 1000 accounts...
Streaming list of 1000 accounts...
Streaming list of 1000 accounts...
Streaming list of 1000 accounts...
Streaming list of 1000 accounts...
Streaming list of 1000 accounts...
Streaming list of 1000 accounts...
Streaming list of 1000 accounts...
Streaming list of 1000 accounts...
Streaming list of 1000 accounts...
Streaming list of 1000 accounts...
Streaming list of 1000 accounts...
Streaming list of 1000 accounts...
Streaming list of 1000 accounts...
Streaming list of 1000 accounts...
Streaming list of 1000 accounts...
Streaming list of 1000 accounts...
Streaming list of 1000 accounts...
Streaming list of 1000 accounts...
Streaming list of 1000 accounts...
Streaming list of 1000 accounts...
Streaming list of 1000 accounts...
Streaming list of 1000 accounts...
Streaming list of 1000 accounts...
Streaming list of 1000 accounts...
Streaming list of 1000 accounts...
Streaming list of 1000 accounts...
Streaming list of 1000 accounts...
Streaming list of 1000 accounts...
Streaming list of 1000 accounts...
Streaming list of 1000 accounts...
Streaming list of 1000 accounts...
Streaming list of 1000 accounts...
Streaming list of 1000 accounts...
Streaming list of 1000 accounts...
Streaming list of 1000 accounts...
Streaming list of 1000 accounts...
Streaming list of 1000 accounts...
Streaming list of 1000 accounts...
Streaming list of 1000 accounts...
Streaming list of 1000 accounts...
Streaming list of 1000 accounts...
Streaming list of 1000 accounts...
Streaming list of 1000 accounts...
Streaming list of 1000 accounts...
Streaming list of 1000 accounts...
Streaming list of 1000 accounts...
Streaming list of 1000 accounts...
Streaming list of 1000 accounts...
Streaming list of 1000 accounts...
Streaming list of 1000 accounts...
Streaming list of 1000 accounts...
Streaming list of 1000 accounts...
Streaming list of 1000 accounts...
Streaming list of 1000 accounts...
Streaming list of 1000 accounts...
Streaming list of 1000 accounts...
Streaming list of 1000 accounts...
Streaming list of 1000 accounts...
Streaming list of 1000 accounts...
Streaming list of 1000 accounts...
Streaming list of 1000 accounts...
Streaming list of 1000 accounts...
Streaming list of 1000 accounts...
Streaming list of 1000 accounts...
Streaming list of 1000 accounts...
Streaming list of 1000 accounts...
Streaming list of 1000 accounts...
Streaming list of 1000 accounts...
Streaming list of 1000 accounts...
Streaming list of 1000 accounts...
Streaming list of 1000 accounts...
Streaming list of 1000 accounts...
Streaming list of 1000 accounts...
Streaming list of 1000 accounts...
Streaming list of 1000 accounts...
Streaming list of 1000 accounts...
Streaming list of 1000 accounts...
Streaming list of 1000 accounts...
Streaming list of 1000 accounts...
Streaming list of 1000 accounts...
Streaming list of 1000 accounts...
Streaming list of 1000 accounts...
Streaming list of 1000 accounts...
Streaming list of 1000 accounts...
Streaming list of 1000 accounts...
Streaming list of 1000 accounts...
Streaming list of 1000 accounts...
Streaming list of 1000 accounts...
Streaming list of 1000 accounts...
Streaming list of 1000 accounts...
Streaming list of 1000 accounts...
Streaming list of 1000 accounts...
Streaming list of 1000 accounts...
Streaming list of 1000 accounts...
Streaming list of 1000 accounts...
Streaming list of 1000 accounts...
Streaming list of 1000 accounts...
Streaming list of 1000 accounts...
Streaming list of 1000 accounts...
Streaming list of 1000 accounts...
Streaming list of 1000 accounts...
Streaming list of 1000 accounts...
Streaming list of 1000 accounts...
Streaming list of 1000 accounts...
Streaming list of 1000 accounts...
Streaming list of 1000 accounts...
Streaming list of 1000 accounts...
Streaming list of 1000 accounts...
Streaming list of 1000 accounts...
Streaming list of 1000 accounts...
Streaming list of 1000 accounts...
Streaming list of 1000 accounts...
Streaming list of 1000 accounts...
Streaming list of 1000 accounts...
Streaming list of 1000 accounts...
Streaming list of 1000 accounts...
Streaming list of 1000 accounts...
Streaming list of 1000 accounts...
Streaming list of 1000 accounts...
Streaming list of 1000 accounts...
Streaming list of 1000 accounts...
Streaming list of 1000 accounts...
Streaming list of 1000 accounts...
Streaming list of 1000 accounts...
Streaming list of 1000 accounts...
Streaming list of 1000 accounts...
Streaming list of 1000 accounts...
Streaming list of 1000 accounts...
Streaming list of 1000 accounts...
Streaming list of 1000 accounts...
Streaming list of 1000 accounts...
Streaming list of 1000 accounts...
Streaming list of 1000 accounts...
Streaming list of 1000 accounts...
Streaming list of 1000 accounts...
Streaming list of 1000 accounts...
Streaming list of 1000 accounts...
Streaming list of 1000 accounts...
Streaming list of 1000 accounts...
Streaming list of 1000 accounts...
Streaming list of 1000 accounts...
Streaming list of 1000 accounts...
Streaming list of 1000 accounts...
Streaming list of 1000 accounts...
Streaming list of 1000 accounts...
Streaming list of 1000 accounts...
Streaming list of 1000 accounts...
Streaming list of 1000 accounts...
Streaming list of 1000 accounts...
Streaming list of 1000 accounts...
Streaming list of 1000 accounts...
Streaming list of 1000 accounts...
Streaming list of 1000 accounts...
Streaming list of 1000 accounts...
Streaming list of 1000 accounts...
Streaming list of 1000 accounts...
Streaming list of 1000 accounts...
Streaming list of 1000 accounts...
Streaming list of 1000 accounts...
Streaming list of 1000 accounts...
Streaming list of 1000 accounts...
Streaming list of 1000 accounts...
Streaming list of 1000 accounts...
Streaming list of 1000 accounts...
Streaming list of 1000 accounts...
Streaming list of 1000 accounts...
Streaming list of 1000 accounts...
Streaming list of 1000 accounts...
Streaming list of 1000 accounts...
Streaming list of 1000 accounts...
Streaming list of 1000 accounts...
Streaming list of 1000 accounts...
Streaming list of 1000 accounts...
Streaming list of 1000 accounts...
Streaming list of 1000 accounts...
Streaming list of 1000 accounts...
Streaming list of 1000 accounts...
Streaming list of 1000 accounts...
Streaming list of 1000 accounts...
Streaming list of 1000 accounts...
Streaming list of 1000 accounts...
Streaming list of 1000 accounts...
Streaming list of 1000 accounts...
Streaming list of 1000 accounts...
Streaming list of 1000 accounts...
Streaming list of 1000 accounts...
Streaming list of 1000 accounts...
Streaming list of 1000 accounts...
Streaming list of 1000 accounts...
Streaming list of 1000 accounts...
Streaming list of 1000 accounts...
Streaming list of 1000 accounts...
Streaming list of 1000 accounts...
Streaming list of 1000 accounts...
Streaming list of 1000 accounts...
Streaming list of 1000 accounts...
Streaming list of 1000 accounts...
Streaming list of 1000 accounts...
Streaming list of 1000 accounts...
Streaming list of 1000 accounts...
Streaming list of 1000 accounts...
Streaming list of 1000 accounts...
Streaming list of 1000 accounts...
Streaming list of 1000 accounts...
Streaming list of 1000 accounts...
Streaming list of 1000 accounts...
Streaming list of 1000 accounts...
Streaming list of 1000 accounts...
Streaming list of 1000 accounts...
Streaming list of 1000 accounts...
Streaming list of 1000 accounts...
Streaming list of 1000 accounts...
Streaming list of 1000 accounts...
Streaming list of 1000 accounts...
Streaming list of 1000 accounts...
Streaming list of 1000 accounts...
Streaming list of 1000 accounts...
Streaming list of 1000 accounts...
Streaming list of 1000 accounts...
Streaming list of 1000 accounts...
Streaming list of 1000 accounts...
Streaming list of 1000 accounts...
Streaming list of 1000 accounts...
Streaming list of 1000 accounts...
Streaming list of 1000 accounts...
Streaming list of 1000 accounts...
Streaming list of 1000 accounts...
Streaming list of 1000 accounts...
Streaming list of 1000 accounts...
Streaming list of 1000 accounts...
Streaming list of 1000 accounts...
Streaming list of 1000 accounts...
Streaming list of 1000 accounts...
Streaming list of 1000 accounts...
Streaming list of 1000 accounts...
Streaming list of 1000 accounts...
Streaming list of 1000 accounts...
Streaming list of 1000 accounts...
Streaming list of 1000 accounts...
Streaming list of 1000 accounts...
Streaming list of 1000 accounts...
Streaming list of 1000 accounts...
Streaming list of 1000 accounts...
Streaming list of 1000 accounts...
Streaming list of 1000 accounts...
Streaming list of 1000 accounts...
Streaming list of 1000 accounts...
Streaming list of 1000 accounts...
Streaming list of 1000 accounts...
Streaming list of 1000 accounts...
Streaming list of 1000 accounts...
Streaming list of 1000 accounts...
Streaming list of 1000 accounts...
Streaming list of 1000 accounts...
Streaming list of 1000 accounts...
Streaming list of 1000 accounts...
Streaming list of 1000 accounts...
Streaming list of 1000 accounts...
Streaming list of 1000 accounts...
Streaming list of 1000 accounts...
Streaming list of 1000 accounts...
Streaming list of 1000 accounts...
Streaming list of 1000 accounts...
Streaming list of 1000 accounts...
Streaming list of 1000 accounts...
Streaming list of 1000 accounts...
Streaming list of 1000 accounts...
Streaming list of 1000 accounts...
Streaming list of 1000 accounts...
Streaming list of 1000 accounts...
Streaming list of 1000 accounts...
Streaming list of 1000 accounts...
Streaming list of 1000 accounts...
Streaming list of 1000 accounts...
Streaming list of 1000 accounts...
Streaming list of 1000 accounts...
Streaming list of 1000 accounts...
Streaming list of 1000 accounts...
Streaming list of 1000 accounts...
Streaming list of 1000 accounts...
Streaming list of 1000 accounts...
Streaming list of 1000 accounts...
Streaming list of 1000 accounts...
Streaming list of 1000 accounts...
Streaming list of 1000 accounts...
Streaming list of 1000 accounts...
Streaming list of 1000 accounts...
Streaming list of 1000 accounts...
Streaming list of 1000 accounts...
Streaming list of 1000 accounts...
Streaming list of 1000 accounts...
Streaming list of 1000 accounts...
Streaming list of 1000 accounts...
Streaming list of 1000 accounts...
Streaming list of 1000 accounts...
Streaming list of 1000 accounts...
Streaming list of 1000 accounts...
Streaming list of 1000 accounts...
Streaming list of 1000 accounts...
Streaming list of 1000 accounts...
Streaming list of 1000 accounts...
Streaming list of 1000 accounts...
Streaming list of 1000 accounts...
Streaming list of 1000 accounts...
Streaming list of 1000 accounts...
Streaming list of 1000 accounts...
Streaming list of 1000 accounts...
Streaming list of 1000 accounts...
Streaming list of 1000 accounts...
Streaming list of 1000 accounts...
Streaming list of 1000 accounts...
Streaming list of 1000 accounts...
Streaming list of 1000 accounts...
Streaming list of 1000 accounts...
Streaming list of 1000 accounts...
Streaming list of 1000 accounts...
Streaming list of 1000 accounts...
Streaming list of 1000 accounts...
Streaming list of 1000 accounts...
Streaming list of 1000 accounts...
Streaming list of 1000 accounts...
Streaming list of 1000 accounts...
Streaming list of 1000 accounts...
Streaming list of 1000 accounts...
Streaming list of 1000 accounts...
Streaming list of 1000 accounts...
Streaming list of 1000 accounts...
Streaming list of 1000 accounts...
Streaming list of 1000 accounts...
Streaming list of 1000 accounts...
Streaming list of 1000 accounts...
Streaming list of 1000 accounts...
Streaming list of 1000 accounts...
Streaming list of 1000 accounts...
Streaming list of 1000 accounts...
Streaming list of 1000 accounts...
Streaming list of 1000 accounts...
Streaming list of 1000 accounts...
Streaming list of 1000 accounts...
Streaming list of 1000 accounts...
Streaming list of 1000 accounts...
Streaming list of 1000 accounts...
Streaming list of 1000 accounts...
Streaming list of 1000 accounts...
Streaming list of 1000 accounts...
Streaming list of 1000 accounts...
Streaming list of 1000 accounts...
Streaming list of 1000 accounts...
Streaming list of 1000 accounts...
Streaming list of 1000 accounts...
Streaming list of 1000 accounts...
Streaming list of 1000 accounts...
Streaming list of 1000 accounts...
Streaming list of 1000 accounts...
Streaming list of 1000 accounts...
Streaming list of 1000 accounts...
Streaming list of 1000 accounts...
Streaming list of 1000 accounts...
Streaming list of 1000 accounts...
Streaming list of 1000 accounts...
Streaming list of 1000 accounts...
Streaming list of 1000 accounts...
Streaming list of 1000 accounts...
Streaming list of 1000 accounts...
Streaming list of 1000 accounts...
Streaming list of 1000 accounts...
Streaming list of 1000 accounts...
Streaming list of 1000 accounts...
Streaming list of 1000 accounts...
Streaming list of 1000 accounts...
Streaming list of 1000 accounts...
Streaming list of 1000 accounts...
Streaming list of 1000 accounts...
Streaming list of 1000 accounts...
Streaming list of 1000 accounts...
Streaming list of 1000 accounts...
Streaming list of 1000 accounts...
Streaming list of 1000 accounts...
Streaming list of 1000 accounts...
Streaming list of 1000 accounts...
Streaming list of 1000 accounts...
Streaming list of 1000 accounts...
Streaming list of 1000 accounts...
Streaming list of 1000 accounts...
Streaming list of 1000 accounts...
Streaming list of 1000 accounts...
Streaming list of 1000 accounts...
Streaming list of 1000 accounts...
Streaming list of 1000 accounts...
Streaming list of 1000 accounts...
Streaming list of 1000 accounts...
Streaming list of 1000 accounts...
Streaming list of 1000 accounts...
Streaming list of 1000 accounts...
Streaming list of 1000 accounts...
Streaming list of 1000 accounts...
Streaming list of 1000 accounts...
Streaming list of 1000 accounts...
Streaming list of 1000 accounts...
Streaming list of 1000 accounts...
Streaming list of 1000 accounts...
Streaming list of 1000 accounts...
Streaming list of 1000 accounts...
Streaming list of 1000 accounts...
Streaming list of 1000 accounts...
Streaming list of 1000 accounts...
Streaming list of 1000 accounts...
Streaming list of 1000 accounts...
Streaming list of 1000 accounts...
Streaming list of 1000 accounts...
Streaming list of 1000 accounts...
Streaming list of 1000 accounts...
Streaming list of 1000 accounts...
Streaming list of 1000 accounts...
Streaming list of 1000 accounts...
Streaming list of 1000 accounts...
Streaming list of 1000 accounts...
Streaming list of 1000 accounts...
Streaming list of 1000 accounts...
Streaming list of 1000 accounts...
Streaming list of 1000 accounts...
Streaming list of 1000 accounts...
Streaming list of 1000 accounts...
Streaming list of 1000 accounts...
Streaming list of 1000 accounts...
Streaming list of 1000 accounts...
Streaming list of 1000 accounts...
Streaming list of 1000 accounts...
Streaming list of 1000 accounts...
Streaming list of 1000 accounts...
Streaming list of 1000 accounts...
Streaming list of 1000 accounts...
Streaming list of 1000 accounts...
Streaming list of 1000 accounts...
Streaming list of 1000 accounts...
Streaming list of 1000 accounts...
Streaming list of 1000 accounts...
Streaming list of 1000 accounts...
Streaming list of 1000 accounts...
Streaming list of 1000 accounts...
Streaming list of 1000 accounts...
Streaming list of 1000 accounts...
Streaming list of 1000 accounts...
Streaming list of 1000 accounts...
Streaming list of 1000 accounts...
Streaming list of 1000 accounts...
Streaming list of 1000 accounts...
Streaming list of 1000 accounts...
Streaming list of 1000 accounts...
Streaming list of 1000 accounts...
Streaming list of 1000 accounts...
Streaming list of 1000 accounts...
Streaming list of 1000 accounts...
Streaming list of 1000 accounts...
Streaming list of 1000 accounts...
Streaming list of 1000 accounts...
Streaming list of 1000 accounts...
Streaming list of 1000 accounts...
Streaming list of 1000 accounts...
Streaming list of 1000 accounts...
Streaming list of 1000 accounts...
Streaming list of 1000 accounts...
Streaming list of 1000 accounts...
Streaming list of 1000 accounts...
Streaming list of 1000 accounts...
Streaming list of 1000 accounts...
Streaming list of 1000 accounts...
Streaming list of 1000 accounts...
Streaming list of 1000 accounts...
Streaming list of 1000 accounts...
Streaming list of 1000 accounts...
Streaming list of 1000 accounts...
Streaming list of 1000 accounts...
Streaming list of 1000 accounts...
Streaming list of 1000 accounts...
Streaming list of 1000 accounts...
Streaming list of 1000 accounts...
Streaming list of 1000 accounts...
Streaming list of 1000 accounts...
Streaming list of 1000 accounts...
Streaming list of 1000 accounts...
Streaming list of 1000 accounts...
Streaming list of 1000 accounts...
Streaming list of 1000 accounts...
Streaming list of 1000 accounts...
Streaming list of 1000 accounts...
Streaming list of 1000 accounts...
Streaming list of 1000 accounts...
Streaming list of 1000 accounts...
Streaming list of 1000 accounts...
Streaming list of 1000 accounts...
Streaming list of 1000 accounts...
Streaming list of 1000 accounts...
Streaming list of 1000 accounts...
Streaming list of 1000 accounts...
Streaming list of 1000 accounts...
Streaming list of 1000 accounts...
Streaming list of 1000 accounts...
Streaming list of 1000 accounts...
Streaming list of 1000 accounts...
Streaming list of 1000 accounts...
Streaming list of 1000 accounts...
Streaming list of 1000 accounts...
Streaming list of 1000 accounts...
Streaming list of 1000 accounts...
Streaming list of 1000 accounts...
Streaming list of 1000 accounts...
Streaming list of 1000 accounts...
Streaming list of 1000 accounts...
Streaming list of 1000 accounts...
Streaming list of 1000 accounts...
Streaming list of 1000 accounts...
Streaming list of 1000 accounts...
Streaming list of 1000 accounts...
Streaming list of 1000 accounts...
Streaming list of 1000 accounts...
Streaming list of 1000 accounts...
Streaming list of 1000 accounts...
Streaming list of 1000 accounts...
Streaming list of 1000 accounts...
Streaming list of 1000 accounts...
Streaming list of 1000 accounts...
Streaming list of 1000 accounts...
Streaming list of 1000 accounts...
Streaming list of 1000 accounts...
Streaming list of 1000 accounts...
Streaming list of 1000 accounts...
Streaming list of 1000 accounts...
Streaming list of 1000 accounts...
Streaming list of 1000 accounts...
Streaming list of 1000 accounts...
Streaming list of 1000 accounts...
Streaming list of 1000 accounts...
Streaming list of 1000 accounts...
Streaming list of 1000 accounts...
Streaming list of 1000 accounts...
Streaming list of 1000 accounts...
Streaming list of 1000 accounts...
Streaming list of 1000 accounts...
Streaming list of 1000 accounts...
Streaming list of 1000 accounts...
Streaming list of 1000 accounts...
Streaming list of 1000 accounts...
Streaming list of 1000 accounts...
Streaming list of 1000 accounts...
Streaming list of 1000 accounts...
Streaming list of 1000 accounts...
Streaming list of 1000 accounts...
Streaming list of 1000 accounts...
Streaming list of 1000 accounts...
Streaming list of 1000 accounts...
Streaming list of 1000 accounts...
Streaming list of 1000 accounts...
Streaming list of 1000 accounts...
Streaming list of 1000 accounts...
Streaming list of 1000 accounts...
Streaming list of 1000 accounts...
Streaming list of 1000 accounts...
Streaming list of 1000 accounts...
Streaming list of 1000 accounts...
Streaming list of 1000 accounts...
Streaming list of 1000 accounts...
Streaming list of 1000 accounts...
Streaming list of 1000 accounts...
Streaming list of 1000 accounts...
Streaming list of 1000 accounts...
Streaming list of 1000 accounts...
Streaming list of 1000 accounts...
Streaming list of 1000 accounts...
Streaming list of 1000 accounts...
Streaming list of 1000 accounts...
Streaming list of 1000 accounts...
Streaming list of 1000 accounts...
Streaming list of 1000 accounts...
Streaming list of 1000 accounts...
Streaming list of 1000 accounts...
Streaming list of 1000 accounts...
Streaming list of 1000 accounts...
Streaming list of 1000 accounts...
Streaming list of 1000 accounts...
Streaming list of 1000 accounts...
Streaming list of 1000 accounts...
Streaming list of 1000 accounts...
Streaming list of 1000 accounts...
Streaming list of 1000 accounts...
Streaming list of 1000 accounts...
Streaming list of 1000 accounts...
Streaming list of 1000 accounts...
Streaming list of 1000 accounts...
Streaming list of 1000 accounts...
Streaming list of 1000 accounts...
Streaming list of 1000 accounts...
Streaming list of 1000 accounts...
Streaming list of 1000 accounts...
Streaming list of 1000 accounts...
Streaming list of 1000 accounts...
Streaming list of 1000 accounts...
Streaming list of 1000 accounts...
Streaming list of 1000 accounts...
Streaming list of 1000 accounts...
Streaming list of 1000 accounts...
Streaming list of 1000 accounts...
Streaming list of 1000 accounts...
Streaming list of 1000 accounts...
Streaming list of 1000 accounts...
Streaming list of 1000 accounts...
Streaming list of 1000 accounts...
Streaming list of 1000 accounts...
Streaming list of 1000 accounts...
Streaming list of 1000 accounts...
Streaming list of 1000 accounts...
Streaming list of 1000 accounts...
Streaming list of 1000 accounts...
Streaming list of 1000 accounts...
Streaming list of 1000 accounts...
Streaming list of 1000 accounts...
Streaming list of 1000 accounts...
Streaming list of 1000 accounts...
Streaming list of 1000 accounts...
Streaming list of 1000 accounts...
Streaming list of 1000 accounts...
Streaming list of 1000 accounts...
Streaming list of 1000 accounts...
Streaming list of 1000 accounts...
Streaming list of 1000 accounts...
Streaming list of 1000 accounts...
Streaming list of 1000 accounts...
Streaming list of 1000 accounts...
Streaming list of 1000 accounts...
Streaming list of 1000 accounts...
Streaming list of 1000 accounts...
Streaming list of 1000 accounts...
Streaming list of 1000 accounts...
Streaming list of 1000 accounts...
Streaming list of 1000 accounts...
Streaming list of 1000 accounts...
Streaming list of 1000 accounts...
Streaming list of 1000 accounts...
Streaming list of 1000 accounts...
Streaming list of 1000 accounts...
Streaming list of 1000 accounts...
Streaming list of 1000 accounts...
Streaming list of 1000 accounts...
Streaming list of 1000 accounts...
Streaming list of 1000 accounts...
Streaming list of 1000 accounts...
Streaming list of 1000 accounts...
Streaming list of 1000 accounts...
Streaming list of 1000 accounts...
Streaming list of 1000 accounts...
Streaming list of 1000 accounts...
Streaming list of 1000 accounts...
Streaming list of 1000 accounts...
Streaming list of 1000 accounts...
Streaming list of 1000 accounts...
Streaming list of 1000 accounts...
Streaming list of 1000 accounts...
Streaming list of 1000 accounts...
Streaming list of 1000 accounts...
Streaming list of 1000 accounts...
Streaming list of 1000 accounts...
Streaming list of 1000 accounts...
Streaming list of 1000 accounts...
Streaming list of 1000 accounts...
Streaming list of 1000 accounts...
Streaming list of 1000 accounts...
Streaming list of 1000 accounts...
Streaming list of 1000 accounts...
Streaming list of 1000 accounts...
Streaming list of 1000 accounts...
Streaming list of 1000 accounts...
Streaming list of 1000 accounts...
Streaming list of 1000 accounts...
Streaming list of 1000 accounts...
Streaming list of 1000 accounts...
Streaming list of 1000 accounts...
Streaming list of 1000 accounts...
Streaming list of 1000 accounts...
Streaming list of 1000 accounts...
Streaming list of 1000 accounts...
Streaming list of 1000 accounts...
Streaming list of 1000 accounts...
Streaming list of 1000 accounts...
Streaming list of 1000 accounts...
Streaming list of 1000 accounts...
Streaming list of 1000 accounts...
Streaming list of 1000 accounts...
Streaming list of 1000 accounts...
Streaming list of 1000 accounts...
Streaming list of 1000 accounts...
Streaming list of 1000 accounts...
Streaming list of 1000 accounts...
Streaming list of 1000 accounts...
Streaming list of 1000 accounts...
Streaming list of 1000 accounts...
Streaming list of 1000 accounts...
Streaming list of 1000 accounts...
Streaming list of 1000 accounts...
Streaming list of 1000 accounts...
Streaming list of 1000 accounts...
Streaming list of 1000 accounts...
Streaming list of 1000 accounts...
Streaming list of 1000 accounts...
Streaming list of 1000 accounts...
Streaming list of 1000 accounts...
Streaming list of 1000 accounts...
Streaming list of 1000 accounts...
Streaming list of 1000 accounts...
Streaming list of 1000 accounts...
Streaming list of 1000 accounts...
Streaming list of 1000 accounts...
Streaming list of 1000 accounts...
Streaming list of 1000 accounts...
Streaming list of 1000 accounts...
Streaming list of 1000 accounts...
Streaming list of 1000 accounts...
Streaming list of 1000 accounts...
Streaming list of 1000 accounts...
Streaming list of 1000 accounts...
Streaming list of 1000 accounts...
Streaming list of 1000 accounts...
Streaming list of 1000 accounts...
Streaming list of 1000 accounts...
Streaming list of 1000 accounts...
Streaming list of 1000 accounts...
Streaming list of 1000 accounts...
Streaming list of 1000 accounts...
Streaming list of 1000 accounts...
Streaming list of 1000 accounts...
Streaming list of 1000 accounts...
Streaming list of 1000 accounts...
Streaming list of 1000 accounts...
Streaming list of 1000 accounts...
Streaming list of 1000 accounts...
Streaming list of 1000 accounts...
Streaming list of 1000 accounts...
Streaming list of 1000 accounts...
Streaming list of 1000 accounts...
Streaming list of 1000 accounts...
Streaming list of 1000 accounts...
Streaming list of 1000 accounts...
Streaming list of 1000 accounts...
Streaming list of 1000 accounts...
Streaming list of 1000 accounts...
Streaming list of 1000 accounts...
Streaming list of 1000 accounts...
Streaming list of 1000 accounts...
Streaming list of 1000 accounts...
Streaming list of 1000 accounts...
Streaming list of 1000 accounts...
Streaming list of 1000 accounts...
Streaming list of 1000 accounts...
Streaming list of 1000 accounts...
Streaming list of 1000 accounts...
Streaming list of 1000 accounts...
Streaming list of 1000 accounts...
Streaming list of 1000 accounts...
Streaming list of 1000 accounts...
Streaming list of 1000 accounts...
Streaming list of 1000 accounts...
Streaming list of 1000 accounts...
Streaming list of 1000 accounts...
Streaming list of 1000 accounts...
Streaming list of 1000 accounts...
Streaming list of 1000 accounts...
Streaming list of 1000 accounts...
Streaming list of 1000 accounts...
Streaming list of 1000 accounts...
Streaming list of 1000 accounts...
Streaming list of 1000 accounts...
Streaming list of 1000 accounts...
Streaming list of 1000 accounts...
Streaming list of 1000 accounts...
Streaming list of 1000 accounts...
Streaming list of 1000 accounts...
Streaming list of 1000 accounts...
Streaming list of 1000 accounts...
Streaming list of 1000 accounts...
Streaming list of 1000 accounts...
Streaming list of 1000 accounts...
Streaming list of 1000 accounts...
Streaming list of 1000 accounts...
Streaming list of 1000 accounts...
Streaming list of 1000 accounts...
Streaming list of 1000 accounts...
Streaming list of 1000 accounts...
Streaming list of 1000 accounts...
Streaming list of 1000 accounts...
Streaming list of 1000 accounts...
Streaming list of 1000 accounts...
Streaming list of 1000 accounts...
Streaming list of 1000 accounts...
Streaming list of 1000 accounts...
Streaming list of 1000 accounts...
Streaming list of 1000 accounts...
Streaming list of 1000 accounts...
Streaming list of 1000 accounts...
Streaming list of 1000 accounts...
Streaming list of 1000 accounts...
Streaming list of 1000 accounts...
Streaming list of 1000 accounts...
Streaming list of 1000 accounts...
Streaming list of 1000 accounts...
Streaming list of 1000 accounts...
Streaming list of 1000 accounts...
Streaming list of 1000 accounts...
Streaming list of 1000 accounts...
Streaming list of 1000 accounts...
Streaming list of 1000 accounts...
Streaming list of 1000 accounts...
Streaming list of 1000 accounts...
Streaming list of 1000 accounts...
Streaming list of 1000 accounts...
Streaming list of 1000 accounts...
Streaming list of 1000 accounts...
Streaming list of 1000 accounts...
Streaming list of 1000 accounts...
Streaming list of 1000 accounts...
Streaming list of 1000 accounts...
Streaming list of 1000 accounts...
Streaming list of 1000 accounts...
Streaming list of 1000 accounts...
Streaming list of 1000 accounts...
Streaming list of 1000 accounts...
Streaming list of 1000 accounts...
Streaming list of 1000 accounts...
Streaming list of 1000 accounts...
Streaming list of 1000 accounts...
Streaming list of 1000 accounts...
Streaming list of 1000 accounts...
Streaming list of 1000 accounts...
Streaming list of 1000 accounts...
Streaming list of 1000 accounts...
Streaming list of 1000 accounts...
Streaming list of 1000 accounts...
Streaming list of 1000 accounts...
Streaming list of 1000 accounts...
Streaming list of 1000 accounts...
Streaming list of 1000 accounts...
Streaming list of 1000 accounts...
Streaming list of 1000 accounts...
Streaming list of 1000 accounts...
Streaming list of 1000 accounts...
Streaming list of 1000 accounts...
Streaming list of 1000 accounts...
Streaming list of 1000 accounts...
Streaming list of 1000 accounts...
Streaming list of 1000 accounts...
Streaming list of 1000 accounts...
Streaming list of 1000 accounts...
Streaming list of 1000 accounts...
Streaming list of 1000 accounts...
Streaming list of 1000 accounts...
Streaming list of 1000 accounts...
Streaming list of 1000 accounts...
Streaming list of 1000 accounts...
Streaming list of 1000 accounts...
Streaming list of 1000 accounts...
Streaming list of 1000 accounts...
Streaming list of 1000 accounts...
Streaming list of 1000 accounts...
Streaming list of 1000 accounts...
Streaming list of 1000 accounts...
Streaming list of 1000 accounts...
Streaming list of 1000 accounts...
Streaming list of 1000 accounts...
Streaming list of 1000 accounts...
Streaming list of 1000 accounts...
Streaming list of 1000 accounts...
Streaming list of 1000 accounts...
Streaming list of 1000 accounts...
Streaming list of 1000 accounts...
Streaming list of 1000 accounts...
Streaming list of 1000 accounts...
Streaming list of 1000 accounts...
Streaming list of 1000 accounts...
Streaming list of 1000 accounts...
Streaming list of 1000 accounts...
Streaming list of 1000 accounts...
Streaming list of 1000 accounts...
Streaming list of 1000 accounts...
Streaming list of 1000 accounts...
Streaming list of 1000 accounts...
Streaming list of 1000 accounts...
Streaming list of 1000 accounts...
Streaming list of 1000 accounts...
Streaming list of 1000 accounts...
Streaming list of 1000 accounts...
Streaming list of 1000 accounts...
Streaming list of 1000 accounts...
Streaming list of 1000 accounts...
Streaming list of 1000 accounts...
Streaming list of 1000 accounts...
Streaming list of 1000 accounts...
Streaming list of 1000 accounts...
Streaming list of 1000 accounts...
Streaming list of 1000 accounts...
Streaming list of 1000 accounts...
Streaming list of 1000 accounts...
Streaming list of 1000 accounts...
Streaming list of 1000 accounts...
Streaming list of 1000 accounts...
Streaming list of 1000 accounts...
Streaming list of 1000 accounts...
Streaming list of 1000 accounts...
Streaming list of 1000 accounts...
Streaming list of 1000 accounts...
Streaming list of 1000 accounts...
Streaming list of 1000 accounts...
Streaming list of 1000 accounts...
Streaming list of 1000 accounts...
Streaming list of 1000 accounts...
Streaming list of 1000 accounts...
Streaming list of 1000 accounts...
Streaming list of 1000 accounts...
Streaming list of 1000 accounts...
Streaming list of 1000 accounts...
Streaming list of 1000 accounts...
Streaming list of 1000 accounts...
Streaming list of 1000 accounts...
Streaming list of 1000 accounts...
Streaming list of 1000 accounts...
Streaming list of 1000 accounts...
Streaming list of 1000 accounts...
Streaming list of 1000 accounts...
Streaming list of 1000 accounts...
Streaming list of 1000 accounts...
Streaming list of 1000 accounts...
Streaming list of 1000 accounts...
Streaming list of 1000 accounts...
Streaming list of 1000 accounts...
Streaming list of 1000 accounts...
Streaming list of 1000 accounts...
Streaming list of 1000 accounts...
Streaming list of 1000 accounts...
Streaming list of 1000 accounts...
Streaming list of 1000 accounts...
Streaming list of 1000 accounts...
Streaming list of 1000 accounts...
Streaming list of 1000 accounts...
Streaming list of 1000 accounts...
Streaming list of 1000 accounts...
Streaming list of 1000 accounts...
Streaming list of 1000 accounts...
Streaming list of 1000 accounts...
Streaming list of 1000 accounts...
Streaming list of 1000 accounts...
Streaming list of 1000 accounts...
Streaming list of 1000 accounts...
Streaming list of 1000 accounts...
Streaming list of 1000 accounts...
Streaming list of 1000 accounts...
Streaming list of 1000 accounts...
Streaming list of 1000 accounts...
Streaming list of 1000 accounts...
Streaming list of 1000 accounts...
Streaming list of 1000 accounts...
Streaming list of 1000 accounts...
Streaming list of 1000 accounts...
Streaming list of 1000 accounts...
Streaming list of 1000 accounts...
Streaming list of 1000 accounts...
Streaming list of 1000 accounts...
Streaming list of 1000 accounts...
Streaming list of 1000 accounts...
Streaming list of 1000 accounts...
Streaming list of 1000 accounts...
Streaming list of 1000 accounts...
Streaming list of 1000 accounts...
Streaming list of 1000 accounts...
Streaming list of 1000 accounts...
Streaming list of 1000 accounts...
Streaming list of 1000 accounts...
Streaming list of 1000 accounts...
Streaming list of 1000 accounts...
Streaming list of 1000 accounts...
Streaming list of 1000 accounts...
Streaming list of 1000 accounts...
Streaming list of 1000 accounts...
Streaming list of 1000 accounts...
Streaming list of 1000 accounts...
Streaming list of 1000 accounts...
Streaming list of 1000 accounts...
Streaming list of 1000 accounts...
Streaming list of 1000 accounts...
Streaming list of 1000 accounts...
Streaming list of 1000 accounts...
Streaming list of 1000 accounts...
Streaming list of 1000 accounts...
Streaming list of 1000 accounts...
Streaming list of 1000 accounts...
Streaming list of 1000 accounts...
Streaming list of 1000 accounts...
Streaming list of 1000 accounts...
Streaming list of 1000 accounts...
Streaming list of 1000 accounts...
Streaming list of 1000 accounts...
Streaming list of 1000 accounts...
Streaming list of 1000 accounts...
Streaming list of 1000 accounts...
Streaming list of 1000 accounts...
Streaming list of 1000 accounts...
Streaming list of 1000 accounts...
Streaming list of 1000 accounts...
Streaming list of 1000 accounts...
Streaming list of 1000 accounts...
Streaming list of 1000 accounts...
Streaming list of 1000 accounts...
Streaming list of 1000 accounts...
Streaming list of 1000 accounts...
Streaming list of 1000 accounts...
Streaming list of 1000 accounts...
Streaming list of 1000 accounts...
Streaming list of 1000 accounts...
Streaming list of 1000 accounts...
Streaming list of 1000 accounts...
Streaming list of 1000 accounts...
Streaming list of 1000 accounts...
Streaming list of 1000 accounts...
Streaming list of 1000 accounts...
Streaming list of 1000 accounts...
Streaming list of 1000 accounts...
Streaming list of 1000 accounts...
Streaming list of 1000 accounts...
Streaming list of 1000 accounts...
Streaming list of 1000 accounts...
Streaming list of 1000 accounts...
Streaming list of 1000 accounts...
Streaming list of 1000 accounts...
Streaming list of 1000 accounts...
Streaming list of 1000 accounts...
Streaming list of 1000 accounts...
Streaming list of 1000 accounts...
Streaming list of 1000 accounts...
Streaming list of 1000 accounts...
Streaming list of 1000 accounts...
Streaming list of 1000 accounts...
Streaming list of 1000 accounts...
Streaming list of 1000 accounts...
Streaming list of 1000 accounts...
Streaming list of 1000 accounts...
Streaming list of 1000 accounts...
Streaming list of 1000 accounts...
Streaming list of 1000 accounts...
Streaming list of 1000 accounts...
Streaming list of 1000 accounts...
Streaming list of 1000 accounts...
Streaming list of 1000 accounts...
Streaming list of 1000 accounts...
Streaming list of 1000 accounts...
Streaming list of 1000 accounts...
Streaming list of 1000 accounts...
Streaming list of 1000 accounts...
Streaming list of 1000 accounts...
Streaming list of 1000 accounts...
Streaming list of 1000 accounts...
Streaming list of 1000 accounts...
Streaming list of 1000 accounts...
Streaming list of 1000 accounts...
Streaming list of 1000 accounts...
Streaming list of 1000 accounts...
Streaming list of 1000 accounts...
Streaming list of 1000 accounts...
Streaming list of 1000 accounts...
Streaming list of 1000 accounts...
Streaming list of 1000 accounts...
Streaming list of 1000 accounts...
Streaming list of 1000 accounts...
Streaming list of 1000 accounts...
Streaming list of 1000 accounts...
Streaming list of 1000 accounts...
Streaming list of 1000 accounts...
Streaming list of 1000 accounts...
Streaming list of 1000 accounts...
Streaming list of 1000 accounts...
Streaming list of 1000 accounts...
Streaming list of 1000 accounts...
Streaming list of 1000 accounts...
Streaming list of 1000 accounts...
Streaming list of 1000 accounts...
Streaming list of 1000 accounts...
Streaming list of 1000 accounts...
Streaming list of 1000 accounts...
Streaming list of 1000 accounts...
Streaming list of 1000 accounts...
Streaming list of 1000 accounts...
Streaming list of 1000 accounts...
Streaming list of 1000 accounts...
Streaming list of 1000 accounts...
Streaming list of 1000 accounts...
Streaming list of 1000 accounts...
Streaming list of 1000 accounts...
Streaming list of 1000 accounts...
Streaming list of 1000 accounts...
Streaming list of 1000 accounts...
Streaming list of 1000 accounts...
Streaming list of 1000 accounts...
Streaming list of 1000 accounts...
Streaming list of 1000 accounts...
Streaming list of 1000 accounts...
Streaming list of 1000 accounts...
Streaming list of 1000 accounts...
Streaming list of 1000 accounts...
Streaming list of 1000 accounts...
Streaming list of 1000 accounts...
Streaming list of 1000 accounts...
Streaming list of 1000 accounts...
Streaming list of 1000 accounts...
Streaming list of 1000 accounts...
Streaming list of 1000 accounts...
Streaming list of 1000 accounts...
Streaming list of 1000 accounts...
Streaming list of 1000 accounts...
Streaming list of 1000 accounts...
Streaming list of 1000 accounts...
Streaming list of 1000 accounts...
Streaming list of 1000 accounts...
Streaming list of 1000 accounts...
Streaming list of 1000 accounts...
Streaming list of 1000 accounts...
Streaming list of 1000 accounts...
Streaming list of 1000 accounts...
Streaming list of 1000 accounts...
Streaming list of 1000 accounts...
Streaming list of 1000 accounts...
Streaming list of 1000 accounts...
Streaming list of 1000 accounts...
Streaming list of 1000 accounts...
Streaming list of 1000 accounts...
Streaming list of 1000 accounts...
Streaming list of 1000 accounts...
Streaming list of 1000 accounts...
Streaming list of 1000 accounts...
Streaming list of 1000 accounts...
Streaming list of 1000 accounts...
Streaming list of 1000 accounts...
Streaming list of 1000 accounts...
Streaming list of 1000 accounts...
Streaming list of 1000 accounts...
Streaming list of 1000 accounts...
Streaming list of 1000 accounts...
Streaming list of 1000 accounts...
Streaming list of 1000 accounts...
Streaming list of 1000 accounts...
Streaming list of 1000 accounts...
Streaming list of 1000 accounts...
Streaming list of 1000 accounts...
Streaming list of 1000 accounts...
Streaming list of 1000 accounts...
Streaming list of 1000 accounts...
Streaming list of 1000 accounts...
Streaming list of 1000 accounts...
Streaming list of 1000 accounts...
Streaming list of 1000 accounts...
Streaming list of 1000 accounts...
Streaming list of 1000 accounts...
Streaming list of 1000 accounts...
Streaming list of 1000 accounts...
Streaming list of 1000 accounts...
Streaming list of 1000 accounts...
Streaming list of 1000 accounts...
Streaming list of 1000 accounts...
Streaming list of 1000 accounts...
Streaming list of 1000 accounts...
Streaming list of 1000 accounts...
Streaming list of 1000 accounts...
Streaming list of 1000 accounts...
Streaming list of 1000 accounts...
Streaming list of 1000 accounts...
Streaming list of 1000 accounts...
Streaming list of 1000 accounts...
Streaming list of 1000 accounts...
Streaming list of 1000 accounts...
Streaming list of 1000 accounts...
Streaming list of 1000 accounts...
Streaming list of 1000 accounts...
Streaming list of 1000 accounts...
Streaming list of 1000 accounts...
Streaming list of 1000 accounts...
Streaming list of 1000 accounts...
Streaming list of 1000 accounts...
Streaming list of 1000 accounts...
Streaming list of 1000 accounts...
Streaming list of 1000 accounts...
Streaming list of 1000 accounts...
Streaming list of 1000 accounts...
Streaming list of 1000 accounts...
Streaming list of 1000 accounts...
Streaming list of 1000 accounts...
Streaming list of 1000 accounts...
Streaming list of 1000 accounts...
Streaming list of 1000 accounts...
Streaming list of 1000 accounts...
Streaming list of 1000 accounts...
Streaming list of 1000 accounts...
Streaming list of 1000 accounts...
Streaming list of 1000 accounts...
Streaming list of 1000 accounts...
Streaming list of 1000 accounts...
Streaming list of 1000 accounts...
Streaming list of 1000 accounts...
Streaming list of 1000 accounts...
Streaming list of 1000 accounts...
Streaming list of 1000 accounts...
Streaming list of 1000 accounts...
Streaming list of 1000 accounts...
Streaming list of 1000 accounts...
Streaming list of 1000 accounts...
Streaming list of 1000 accounts...
Streaming list of 1000 accounts...
Streaming list of 1000 accounts...
Streaming list of 1000 accounts...
Streaming list of 1000 accounts...
Streaming list of 1000 accounts...
Streaming list of 1000 accounts...
Streaming list of 1000 accounts...
Streaming list of 1000 accounts...
Streaming list of 1000 accounts...
Streaming list of 1000 accounts...
Streaming list of 1000 accounts...
Streaming list of 1000 accounts...
Streaming list of 1000 accounts...
Streaming list of 1000 accounts...
Streaming list of 1000 accounts...
Streaming list of 1000 accounts...
Streaming list of 1000 accounts...
Streaming list of 1000 accounts...
Streaming list of 1000 accounts...
Streaming list of 1000 accounts...
Streaming list of 1000 accounts...
Streaming list of 1000 accounts...
Streaming list of 1000 accounts...
Streaming list of 1000 accounts...
Streaming list of 1000 accounts...
Streaming list of 1000 accounts...
Streaming list of 1000 accounts...
Streaming list of 1000 accounts...
Streaming list of 1000 accounts...
Streaming list of 1000 accounts...
Streaming list of 1000 accounts...
Streaming list of 1000 accounts...
Streaming list of 1000 accounts...
Streaming list of 1000 accounts...
Streaming list of 1000 accounts...
Streaming list of 1000 accounts...
Streaming list of 1000 accounts...
Streaming list of 1000 accounts...
Streaming list of 1000 accounts...
Streaming list of 1000 accounts...
Streaming list of 1000 accounts...
Streaming list of 1000 accounts...
Streaming list of 1000 accounts...
Streaming list of 1000 accounts...
Streaming list of 1000 accounts...
Streaming list of 1000 accounts...
Streaming list of 1000 accounts...
Streaming list of 1000 accounts...
Streaming list of 1000 accounts...
Streaming list of 1000 accounts...
Streaming list of 1000 accounts...
Streaming list of 1000 accounts...
Streaming list of 1000 accounts...
Streaming list of 1000 accounts...
Streaming list of 1000 accounts...
Streaming list of 1000 accounts...
Streaming list of 1000 accounts...
Streaming list of 1000 accounts...
Streaming list of 1000 accounts...
Streaming list of 1000 accounts...
Streaming list of 1000 accounts...
Streaming list of 1000 accounts...
Streaming list of 1000 accounts...
Streaming list of 1000 accounts...
Streaming list of 1000 accounts...
Streaming list of 1000 accounts...
Streaming list of 1000 accounts...
Streaming list of 1000 accounts...
Streaming list of 1000 accounts...
Streaming list of 1000 accounts...
Streaming list of 1000 accounts...
Streaming list of 1000 accounts...
Streaming list of 1000 accounts...
Streaming list of 1000 accounts...
Streaming list of 1000 accounts...
Streaming list of 1000 accounts...
Streaming list of 1000 accounts...
Streaming list of 1000 accounts...
Streaming list of 1000 accounts...
Streaming list of 1000 accounts...
Streaming list of 1000 accounts...
Streaming list of 1000 accounts...
Streaming list of 1000 accounts...
Streaming list of 1000 accounts...
Streaming list of 1000 accounts...
Streaming list of 1000 accounts...
Streaming list of 1000 accounts...
Streaming list of 1000 accounts...
Streaming list of 1000 accounts...
Streaming list of 1000 accounts...
Streaming list of 1000 accounts...
Streaming list of 1000 accounts...
Streaming list of 1000 accounts...
Streaming list of 1000 accounts...
Streaming list of 1000 accounts...
Streaming list of 1000 accounts...
Streaming list of 1000 accounts...
Streaming list of 1000 accounts...
Streaming list of 1000 accounts...
Streaming list of 1000 accounts...
Streaming list of 1000 accounts...
Streaming list of 1000 accounts...
Streaming list of 1000 accounts...
Streaming list of 1000 accounts...
Streaming list of 1000 accounts...
Streaming list of 1000 accounts...
Streaming list of 1000 accounts...
Streaming list of 1000 accounts...
Streaming list of 1000 accounts...
Streaming list of 1000 accounts...
Streaming list of 1000 accounts...
Streaming list of 1000 accounts...
Streaming list of 1000 accounts...
Streaming list of 1000 accounts...
Streaming list of 1000 accounts...
Streaming list of 1000 accounts...
Streaming list of 1000 accounts...
Streaming list of 1000 accounts...
Streaming list of 1000 accounts...
Streaming list of 1000 accounts...
Streaming list of 1000 accounts...
Streaming list of 1000 accounts...
Streaming list of 1000 accounts...
Streaming list of 1000 accounts...
Streaming list of 1000 accounts...
Streaming list of 1000 accounts...
Streaming list of 1000 accounts...
Streaming list of 1000 accounts...
Streaming list of 1000 accounts...
Streaming list of 1000 accounts...
Streaming list of 1000 accounts...
Streaming list of 1000 accounts...
Streaming list of 1000 accounts...
Streaming list of 1000 accounts...
Streaming list of 1000 accounts...
Streaming list of 1000 accounts...
Streaming list of 1000 accounts...
Streaming list of 1000 accounts...
Streaming list of 1000 accounts...
Streaming list of 1000 accounts...
Streaming list of 1000 accounts...
Streaming list of 1000 accounts...
Streaming list of 1000 accounts...
Streaming list of 1000 accounts...
Streaming list of 1000 accounts...
Streaming list of 1000 accounts...
Streaming list of 1000 accounts...
Streaming list of 1000 accounts...
Streaming list of 1000 accounts...
Streaming list of 1000 accounts...
Streaming list of 1000 accounts...
Streaming list of 1000 accounts...
Streaming list of 1000 accounts...
Streaming list of 1000 accounts...
Streaming list of 1000 accounts...
Streaming list of 1000 accounts...
Streaming list of 1000 accounts...
Streaming list of 1000 accounts...
Streaming list of 1000 accounts...
Streaming list of 1000 accounts...
Streaming list of 1000 accounts...
Streaming list of 1000 accounts...
Streaming list of 1000 accounts...
Streaming list of 1000 accounts...
Streaming list of 1000 accounts...
Streaming list of 1000 accounts...
Streaming list of 1000 accounts...
Streaming list of 1000 accounts...
Streaming list of 1000 accounts...
Streaming list of 1000 accounts...
Streaming list of 1000 accounts...
Streaming list of 1000 accounts...
Streaming list of 1000 accounts...
Streaming list of 1000 accounts...
Streaming list of 1000 accounts...
Streaming list of 1000 accounts...
Streaming list of 1000 accounts...
Streaming list of 1000 accounts...
Streaming list of 1000 accounts...
Streaming list of 1000 accounts...
Streaming list of 1000 accounts...
Streaming list of 1000 accounts...
Streaming list of 1000 accounts...
Streaming list of 1000 accounts...
Streaming list of 1000 accounts...
Streaming list of 1000 accounts...
Streaming list of 1000 accounts...
Streaming list of 1000 accounts...
Streaming list of 1000 accounts...
Streaming list of 1000 accounts...
Streaming list of 1000 accounts...
Streaming list of 1000 accounts...
Streaming list of 1000 accounts...
Streaming list of 1000 accounts...
Streaming list of 1000 accounts...
Streaming list of 1000 accounts...
Streaming list of 1000 accounts...
Streaming list of 1000 accounts...
Streaming list of 1000 accounts...
Streaming list of 1000 accounts...
Streaming list of 1000 accounts...
Streaming list of 1000 accounts...
Streaming list of 1000 accounts...
Streaming list of 1000 accounts...
Streaming list of 1000 accounts...
Streaming list of 1000 accounts...
Streaming list of 1000 accounts...
Streaming list of 1000 accounts...
Streaming list of 1000 accounts...
Streaming list of 1000 accounts...
Streaming list of 1000 accounts...
Streaming list of 1000 accounts...
Streaming list of 1000 accounts...
Streaming list of 1000 accounts...
Streaming list of 1000 accounts...
Streaming list of 1000 accounts...
Streaming list of 1000 accounts...
Streaming list of 1000 accounts...
Streaming list of 1000 accounts...
Streaming list of 1000 accounts...
Streaming list of 1000 accounts...
Streaming list of 1000 accounts...
Streaming list of 1000 accounts...
Streaming list of 1000 accounts...
Streaming list of 1000 accounts...
Streaming list of 1000 accounts...
Streaming list of 1000 accounts...
Streaming list of 1000 accounts...
Streaming list of 1000 accounts...
Streaming list of 1000 accounts...
Streaming list of 1000 accounts...
Streaming list of 1000 accounts...
Streaming list of 1000 accounts...
Streaming list of 1000 accounts...
Streaming list of 1000 accounts...
Streaming list of 1000 accounts...
Streaming list of 1000 accounts...
Streaming list of 1000 accounts...
Streaming list of 1000 accounts...
Streaming list of 1000 accounts...
Streaming list of 1000 accounts...
Streaming list of 1000 accounts...
Streaming list of 1000 accounts...
Streaming list of 1000 accounts...
Streaming list of 1000 accounts...
Streaming list of 1000 accounts...
Streaming list of 1000 accounts...
Streaming list of 1000 accounts...
Streaming list of 1000 accounts...
Streaming list of 1000 accounts...
Streaming list of 1000 accounts...
Streaming list of 1000 accounts...
Streaming list of 1000 accounts...
Streaming list of 1000 accounts...
Streaming list of 1000 accounts...
Streaming list of 1000 accounts...
Streaming list of 1000 accounts...
Streaming list of 1000 accounts...
Streaming list of 1000 accounts...
Streaming list of 1000 accounts...
Streaming list of 1000 accounts...
Streaming list of 1000 accounts...
Streaming list of 1000 accounts...
Streaming list of 1000 accounts...
Streaming list of 1000 accounts...
Streaming list of 1000 accounts...
Streaming list of 1000 accounts...
Streaming list of 1000 accounts...
Streaming list of 1000 accounts...
Streaming list of 1000 accounts...
Streaming list of 1000 accounts...
Streaming list of 1000 accounts...
Streaming list of 1000 accounts...
Streaming list of 1000 accounts...
Streaming list of 1000 accounts...
Streaming list of 1000 accounts...
Streaming list of 1000 accounts...
Streaming list of 1000 accounts...
Streaming list of 1000 accounts...
Streaming list of 1000 accounts...
Streaming list of 1000 accounts...
Streaming list of 1000 accounts...
Streaming list of 1000 accounts...
Streaming list of 1000 accounts...
Streaming list of 1000 accounts...
Streaming list of 1000 accounts...
Streaming list of 1000 accounts...
Streaming list of 1000 accounts...
Streaming list of 1000 accounts...
Streaming list of 1000 accounts...
Streaming list of 1000 accounts...
Streaming list of 1000 accounts...
Streaming list of 1000 accounts...
Streaming list of 1000 accounts...
Streaming list of 1000 accounts...
Streaming list of 1000 accounts...
Streaming list of 1000 accounts...
Streaming list of 1000 accounts...
Streaming list of 1000 accounts...
Streaming list of 1000 accounts...
Streaming list of 1000 accounts...
Streaming list of 1000 accounts...
Streaming list of 1000 accounts...
Streaming list of 1000 accounts...
Streaming list of 1000 accounts...
Streaming list of 1000 accounts...
Streaming list of 1000 accounts...
Streaming list of 1000 accounts...
Streaming list of 1000 accounts...
Streaming list of 1000 accounts...
Streaming list of 1000 accounts...
Streaming list of 1000 accounts...
Streaming list of 1000 accounts...
Streaming list of 1000 accounts...
Streaming list of 1000 accounts...
Streaming list of 1000 accounts...
Streaming list of 1000 accounts...
Streaming list of 1000 accounts...
Streaming list of 1000 accounts...
Streaming list of 1000 accounts...
Streaming list of 1000 accounts...
Streaming list of 1000 accounts...
Streaming list of 1000 accounts...
Streaming list of 1000 accounts...
Streaming list of 1000 accounts...
Streaming list of 1000 accounts...
Streaming list of 1000 accounts...
Streaming list of 1000 accounts...
Streaming list of 1000 accounts...
Streaming list of 1000 accounts...
Streaming list of 1000 accounts...
Streaming list of 1000 accounts...
Streaming list of 1000 accounts...
Streaming list of 1000 accounts...
Streaming list of 1000 accounts...
Streaming list of 1000 accounts...
Streaming list of 1000 accounts...
Streaming list of 1000 accounts...
Streaming list of 1000 accounts...
Streaming list of 1000 accounts...
Streaming list of 1000 accounts...
Streaming list of 1000 accounts...
Streaming list of 1000 accounts...
Streaming list of 1000 accounts...
Streaming list of 1000 accounts...
Streaming list of 1000 accounts...
Streaming list of 1000 accounts...
Streaming list of 1000 accounts...
Streaming list of 1000 accounts...
Streaming list of 1000 accounts...
Streaming list of 1000 accounts...
Streaming list of 1000 accounts...
Streaming list of 1000 accounts...
Streaming list of 1000 accounts...
Streaming list of 1000 accounts...
Streaming list of 1000 accounts...
Streaming list of 1000 accounts...
Streaming list of 1000 accounts...
Streaming list of 1000 accounts...
Streaming list of 1000 accounts...
Streaming list of 1000 accounts...
Streaming list of 1000 accounts...
Streaming list of 1000 accounts...
Streaming list of 1000 accounts...
Streaming list of 1000 accounts...
Streaming list of 1000 accounts...
Streaming list of 1000 accounts...
Streaming list of 1000 accounts...
Streaming list of 1000 accounts...
Streaming list of 1000 accounts...
Streaming list of 1000 accounts...
Streaming list of 1000 accounts...
Streaming list of 1000 accounts...
Streaming list of 1000 accounts...
Streaming list of 1000 accounts...
Streaming list of 1000 accounts...
Streaming list of 1000 accounts...
Streaming list of 1000 accounts...
Streaming list of 1000 accounts...
Streaming list of 1000 accounts...
Streaming list of 1000 accounts...
Streaming list of 1000 accounts...
Streaming list of 1000 accounts...
Streaming list of 1000 accounts...
Streaming list of 1000 accounts...
Streaming list of 1000 accounts...
Streaming list of 1000 accounts...
Streaming list of 1000 accounts...
Streaming list of 1000 accounts...
Streaming list of 1000 accounts...
Streaming list of 1000 accounts...
Streaming list of 1000 accounts...
Streaming list of 1000 accounts...
Streaming list of 1000 accounts...
Streaming list of 1000 accounts...
Streaming list of 1000 accounts...
Streaming list of 1000 accounts...
Streaming list of 1000 accounts...
Streaming list of 1000 accounts...
Streaming list of 1000 accounts...
Streaming list of 1000 accounts...
Streaming list of 1000 accounts...
Streaming list of 1000 accounts...
Streaming list of 1000 accounts...
Streaming list of 1000 accounts...
Streaming list of 1000 accounts...
Streaming list of 1000 accounts...
Streaming list of 1000 accounts...
Streaming list of 1000 accounts...
Streaming list of 1000 accounts...
Streaming list of 1000 accounts...
Streaming list of 1000 accounts...
Streaming list of 1000 accounts...
Streaming list of 1000 accounts...
Streaming list of 1000 accounts...
Streaming list of 1000 accounts...
Streaming list of 1000 accounts...
Streaming list of 1000 accounts...
Streaming list of 1000 accounts...
Streaming list of 1000 accounts...
Streaming list of 1000 accounts...
Streaming list of 1000 accounts...
Streaming list of 1000 accounts...
Streaming list of 1000 accounts...
Streaming list of 1000 accounts...
Streaming list of 1000 accounts...
Streaming list of 1000 accounts...
Streaming list of 1000 accounts...
Streaming list of 1000 accounts...
Streaming list of 1000 accounts...
Streaming list of 1000 accounts...
Streaming list of 1000 accounts...
Streaming list of 1000 accounts...
Streaming list of 1000 accounts...
Streaming list of 1000 accounts...
Streaming list of 1000 accounts...
Streaming list of 1000 accounts...
Streaming list of 1000 accounts...
Streaming list of 1000 accounts...
Streaming list of 1000 accounts...
Streaming list of 1000 accounts...
Streaming list of 1000 accounts...
Streaming list of 1000 accounts...
Streaming list of 1000 accounts...
Streaming list of 1000 accounts...
Streaming list of 1000 accounts...
Streaming list of 1000 accounts...
Streaming list of 1000 accounts...
Streaming list of 1000 accounts...
Streaming list of 1000 accounts...
Streaming list of 1000 accounts...
Streaming list of 1000 accounts...
Streaming list of 1000 accounts...
Streaming list of 1000 accounts...
Streaming list of 1000 accounts...
Streaming list of 1000 accounts...
Streaming list of 1000 accounts...
Streaming list of 1000 accounts...
Streaming list of 1000 accounts...
Streaming list of 1000 accounts...
Streaming list of 1000 accounts...
Streaming list of 1000 accounts...
Streaming list of 1000 accounts...
Streaming list of 1000 accounts...
Streaming list of 1000 accounts...
Streaming list of 1000 accounts...
Streaming list of 1000 accounts...
Streaming list of 1000 accounts...
Streaming list of 1000 accounts...
Streaming list of 1000 accounts...
Streaming list of 1000 accounts...
Streaming list of 1000 accounts...
Streaming list of 1000 accounts...
Streaming list of 1000 accounts...
Streaming list of 1000 accounts...
Streaming list of 1000 accounts...
Streaming list of 1000 accounts...
Streaming list of 1000 accounts...
Streaming list of 1000 accounts...
Streaming list of 1000 accounts...
Streaming list of 1000 accounts...
Streaming list of 1000 accounts...
Streaming list of 1000 accounts...
Streaming list of 1000 accounts...
Streaming list of 1000 accounts...
Streaming list of 1000 accounts...
Streaming list of 1000 accounts...
Streaming list of 1000 accounts...
Streaming list of 1000 accounts...
Streaming list of 1000 accounts...
Streaming list of 1000 accounts...
Streaming list of 1000 accounts...
Streaming list of 1000 accounts...
Streaming list of 1000 accounts...
Streaming list of 1000 accounts...
Streaming list of 1000 accounts...
Streaming list of 1000 accounts...
Streaming list of 1000 accounts...
Streaming list of 1000 accounts...
Streaming list of 1000 accounts...
Streaming list of 1000 accounts...
Streaming list of 1000 accounts...
Streaming list of 1000 accounts...
Streaming list of 1000 accounts...
Streaming list of 1000 accounts...
Streaming list of 1000 accounts...
Streaming list of 1000 accounts...
Streaming list of 1000 accounts...
Streaming list of 1000 accounts...
Streaming list of 1000 accounts...
Streaming list of 1000 accounts...
Streaming list of 1000 accounts...
Streaming list of 1000 accounts...
Streaming list of 1000 accounts...
Streaming list of 1000 accounts...
Streaming list of 1000 accounts...
Streaming list of 1000 accounts...
Streaming list of 1000 accounts...
Streaming list of 1000 accounts...
Streaming list of 1000 accounts...
Streaming list of 1000 accounts...
Streaming list of 1000 accounts...
Streaming list of 1000 accounts...
Streaming list of 1000 accounts...
Streaming list of 1000 accounts...
Streaming list of 1000 accounts...
Streaming list of 1000 accounts...
Streaming list of 1000 accounts...
Streaming list of 1000 accounts...
Streaming list of 1000 accounts...
Streaming list of 1000 accounts...
Streaming list of 1000 accounts...
Streaming list of 1000 accounts...
Streaming list of 1000 accounts...
Streaming list of 1000 accounts...
Streaming list of 1000 accounts...
Streaming list of 1000 accounts...
Streaming list of 1000 accounts...
Streaming list of 1000 accounts...
Streaming list of 1000 accounts...
Streaming list of 1000 accounts...
Streaming list of 1000 accounts...
Streaming list of 1000 accounts...
Streaming list of 1000 accounts...
Streaming list of 1000 accounts...
Streaming list of 1000 accounts...
Streaming list of 1000 accounts...
Streaming list of 1000 accounts...
Streaming list of 1000 accounts...
Streaming list of 1000 accounts...
Streaming list of 1000 accounts...
Streaming list of 1000 accounts...
Streaming list of 1000 accounts...
Streaming list of 1000 accounts...
Streaming list of 1000 accounts...
Streaming list of 1000 accounts...
Streaming list of 1000 accounts...
Streaming list of 1000 accounts...
Streaming list of 1000 accounts...
Streaming list of 1000 accounts...
Streaming list of 1000 accounts...%4|1556884317.776|REQTMOUT|rdkafka#consumer-1| [thrd:GroupCoordinator]: GroupCoordinator/0: Timed out 0 in-flight, 0 retry-queued, 1 out-queue, 0 partially-sent requests
%5|1556884598.105|REQTMOUT|rdkafka#consumer-1| [thrd:ip-172-16-1-141.ec2.internal:9092/0]: ip-172-16-1-141.ec2.internal:9092/0: Timed out MetadataRequest in flight (after 1874ms, timeout #0)
%4|1556884670.933|REQTMOUT|rdkafka#consumer-1| [thrd:ip-172-16-1-141.ec2.internal:9092/0]: ip-172-16-1-141.ec2.internal:9092/0: Timed out 1 in-flight, 0 retry-queued, 0 out-queue, 0 partially-sent requests
%4|1556884975.967|REQTMOUT|rdkafka#consumer-1| [thrd:ip-172-16-1-141.ec2.internal:9092/0]: ip-172-16-1-141.ec2.internal:9092/0: Timed out 0 in-flight, 2 retry-queued, 0 out-queue, 0 partially-sent requests
%4|1556885337.008|REQTMOUT|rdkafka#consumer-1| [thrd:ip-172-16-1-141.ec2.internal:9092/0]: ip-172-16-1-141.ec2.internal:9092/0: Timed out 0 in-flight, 1 retry-queued, 0 out-queue, 0 partially-sent requests
%4|1556885762.494|METADATA|rdkafka#consumer-1| [thrd:main]: ip-172-16-1-141.ec2.internal:9092/0: Metadata request failed: periodic refresh: Local: Host resolution failure (0ms): Permanent
